==45896== Memcheck, a memory error detector
==45896== Copyright (C) 2002-2017, and GNU GPL'd, by Julian Seward et al.
==45896== Using Valgrind-3.15.0 and LibVEX; rerun with -h for copyright info
==45896== Command: ./listItr.out
==45896== Parent PID: 44462
==45896== 
==45896== Invalid free() / delete / delete[] / realloc()
==45896==    at 0x483CA3F: free (in /usr/lib/x86_64-linux-gnu/valgrind/vgpreload_memcheck-amd64-linux.so)
==45896==    by 0x109661: ListDestroy (genericDll.c:38)
==45896==    by 0x109A56: main (listItrTests.c:33)
==45896==  Address 0x4a50560 is 0 bytes inside a block of size 24 free'd
==45896==    at 0x483CA3F: free (in /usr/lib/x86_64-linux-gnu/valgrind/vgpreload_memcheck-amd64-linux.so)
==45896==    by 0x109661: ListDestroy (genericDll.c:38)
==45896==    by 0x109A56: main (listItrTests.c:33)
==45896==  Block was alloc'd at
==45896==    at 0x483B7F3: malloc (in /usr/lib/x86_64-linux-gnu/valgrind/vgpreload_memcheck-amd64-linux.so)
==45896==    by 0x1096B9: InsertBefore (genericDll.c:51)
==45896==    by 0x109740: ListPushHead (genericDll.c:73)
==45896==    by 0x1099D8: main (listItrTests.c:22)
==45896== 
==45896== 
==45896== Process terminating with default action of signal 2 (SIGINT)
==45896==    at 0x109662: ListDestroy (genericDll.c:31)
==45896==    by 0x109A56: main (listItrTests.c:33)
==45896== 
==45896== HEAP SUMMARY:
==45896==     in use at exit: 56 bytes in 1 blocks
==45896==   total heap usage: 4 allocs, 1,372,023 frees, 1,128 bytes allocated
==45896== 
==45896== LEAK SUMMARY:
==45896==    definitely lost: 0 bytes in 0 blocks
==45896==    indirectly lost: 0 bytes in 0 blocks
==45896==      possibly lost: 0 bytes in 0 blocks
==45896==    still reachable: 56 bytes in 1 blocks
==45896==         suppressed: 0 bytes in 0 blocks
==45896== Reachable blocks (those to which a pointer was found) are not shown.
==45896== To see them, rerun with: --leak-check=full --show-leak-kinds=all
==45896== 
==45896== ERROR SUMMARY: 1372020 errors from 1 contexts (suppressed: 0 from 0)
==45896== 
==45896== 1372020 errors in context 1 of 1:
==45896== Invalid free() / delete / delete[] / realloc()
==45896==    at 0x483CA3F: free (in /usr/lib/x86_64-linux-gnu/valgrind/vgpreload_memcheck-amd64-linux.so)
==45896==    by 0x109661: ListDestroy (genericDll.c:38)
==45896==    by 0x109A56: main (listItrTests.c:33)
==45896==  Address 0x4a50560 is 0 bytes inside a block of size 24 free'd
==45896==    at 0x483CA3F: free (in /usr/lib/x86_64-linux-gnu/valgrind/vgpreload_memcheck-amd64-linux.so)
==45896==    by 0x109661: ListDestroy (genericDll.c:38)
==45896==    by 0x109A56: main (listItrTests.c:33)
==45896==  Block was alloc'd at
==45896==    at 0x483B7F3: malloc (in /usr/lib/x86_64-linux-gnu/valgrind/vgpreload_memcheck-amd64-linux.so)
==45896==    by 0x1096B9: InsertBefore (genericDll.c:51)
==45896==    by 0x109740: ListPushHead (genericDll.c:73)
==45896==    by 0x1099D8: main (listItrTests.c:22)
==45896== 
==45896== ERROR SUMMARY: 1372020 errors from 1 contexts (suppressed: 0 from 0)
